B     N1      N2         N3             N4
1    1816   1451433   446186613     552359897
2    2288   2305850   892371789     1105319832
3    2619   3022708   1338554381    1658420051
4    2883   3662773   1784740032    2211594071
5    3106   4251139   2230917514    2764828000
6    3300   4801163   2677128667    3318066629
7    3475   5321470   3123320579    3871354235
8    3633   5817556   3569522288    4424656282
9    3778   6293201   4015712155    4977990625
10   3913   6751629   4461907459    5531336758
11   4040   7195117   4908109379    6084691223
12   4159   7625308   5354324211    6638046081
13   4271   8043637   5800524169    7191427682
14   4378   8451444   6246745411    7744798526
15   4480   8849600   6692919707    8298225972
16   4577   9238954   7139115585    8851640643
17   4671   9620463   7585316341    9405058284
18   4761   9994496   8031509522    9958490980
19   4847   10361548  8477729794    10511903570
20   4931   10722454  8923960648    11065311726
21   5012   11077314  9370195643    11618721790
22   5090   11426471  9816423186    12172145012
23   5166   11770443  10262650165   12725573985
24   5240   12109499  10708861927   13279023093
25   5312   12443900  11155100736   13832449811
26   5382   12773820  11601314350   14385906207
27   5450   13099528  12047546214   14939348567
28   5516   13421136  12493762218   15492810889
29   5581   13739108  12939981218   16046273852
30   5645   14053525  13386220456   16599720133
31   5707   14364339  13832441607   17153188106
32   5767   14671671  14278651078   17706671243
33   5827   14976174  14724888917   18260128841
34   5885   15277361  15171100697   18813615816
35   5942   15575632  15617322681   19367095504
36   5999   15871123  16063531674   19920590963
37   6054   16164040  16509743411   20474086254
38   6108   16454234  16955977213   21027562204
39   6161   16741875  17402189913   21581061810
40   6213   17027016  17848425479   22134541051
41   6264   17309772  18294639527   22688044196
42   6315   17590445  18740891322   23241511677
43   6365   17868764  19187110327   23795014303
44   6414   18144933  19633340915   24348507497
45   6462   18419001  20079554424   24902019872
46   6509   18690960  20525789404   25455512886
47   6556   18961104  20972009118   26009022981
48   6602   19229223  21418236756   26562527178
49   6648   19495679  21864471050   27116026382
50   6693   19760224  22310683285   27669549557
51   6737   20022921  22756905709   28223064392
52   6781   20284104  23203168080   28776540794
53   6824   20543399  23649392080   29330057456
54   6867   20801282  24095619071   29883572539
55   6909   21057421  24541840950   30437094479
56   6951   21312032  24988055961   30990624815
57   6992   21565190  25434303987   31544123590
58   7032   21816694  25880536294   32097639739
59   7073   22067032  26326775058   32651150596
60   7112   22315770  26773004334   33204672543
61   7152   22563280  27219212700   33758216627
62   7190   22809167  27665422578   34311760824
63   7229   23054101  28111675918   34865262511
64   7267   23297553  28557902380   35418792559
65   7305   23539814  29004135861   35972316779
66   7342   23780769  29450382815   36525828833
67   7379   24020532  29896592185   37079379663
68   7415   24258921  30342788546   37632944877
69   7452   24496449  30789023330   38186472528
70   7487   24732584  31235261663   38739998025
71   7523   24967879  31681510857   39293513500
72   7558   25201870  32127732615   39847057716
73   7593   25434884  32573969800   40400587482
74   7627   25666614  33020208986   40954116532
75   7662   25897672  33466443398   41507651027
76   7696   26127331  33912676931   42061187801
77   7729   26356266  34358918394   42614717370
78   7762   26584011  34805146449   43168261537
79   7795   26810854  35251364911   43721816199
80   7828   27036861  35697627267   44275327803
81   7861   27261966  36143849426   44828880506
82   7893   27485963  36590079370   45382426533
83   7925   27709127  37036312219   45935970488
84   7957   27931398  37482569792   46489490612
85   7988   28152729  37928811031   47043028011
86   8019   28373157  38375064402   47596554181
87   8050   28592826  38821284627   48150114256
88   8081   28811730  39267546008   48703633940
89   8111   29029536  39713773516   49257188596
90   8142   29246942  40160005300   49810739375
91   8172   29463312  40606251636   50364276639
92   8202   29678878  41052505551   50917807128
93   8231   29893582  41498744975   51471352971
94   8261   30107753  41944998758   52024884987
95   8290   30321015  42391260028   52578410426
96   8319   30533540  42837524856   53131933044
97   8348   30745336  43283761289   53685484786
98   8376   30956286  43729990736   54239044361
99   8405   31166722  44176223777   54792600855
100  8433   31376381  44622459542   55346155403
101  8461   31585336  45068686667   55899719295
102  8489   31793604  45514939743   56453257923
103  8516   32001017  45961172223   57006818003
104  8544   32208074  46407424949   57560358192
105  8571   32414258  46853663158   58113913772
106  8598   32619792  47299909176   58667462193
107  8625   32824770  47746125619   59221040745
108  8652   33029167  48192389016   59774572924
109  8679   33232891  48638664378   60328093811
110  8705   33435875  49084884429   60881670750
111  8731   33638210  49531126744   61435226074
112  8758   33840182  49977371368   61988779451
113  8784   34041438  50423610484   62542339053
114  8809   34241991  50869871495   63095877464
115  8835   34442188  51316107014   63649441722
116  8861   34641679  51762329135   64203020084
117  8886   34840538  52208593258   64756557077
118  8911   35038835  52654819517   65310132496
119  8936   35236584  53101059183   65863695056
120  8961   35433874  53547320580   66417236344
121  8986   35630646  53993591354   66970768773
122  9011   35826886  54439827049   67524336813
123  9035   36022303  54886093641   68077874780
124  9060   36217555  55332360968   68631412176
125  9084   36412033  55778593851   69184984791
126  9108   36605998  56224842219   69738542434
127  9132   36799514  56671098360   70292092753
128  9156   36992576  57117312771   70845685256
129  9180   37185164  57563576468   71399228947
130  9204   37377260  58009831673   71952781622
131  9227   37568665  58456073176   72506348691
132  9251   37759835  58902301661   73059929012
133  9274   37950378  59348560937   73613479170
134  9297   38140407  59794817110   74167032945
135  9320   38330022  60241052218   74720608199
136  9343   38519169  60687337051   75274134196
137  9366   38707901  61133559256   75827723236
138  9389   38896193  61579822088   76381272089
139  9411   39083744  62026059697   76934846907
140  9434   39271253  62472329178   77488389894
141  9456   39458000  62918568111   78041964192
142  9479   39644609  63364843304   78595502367
143  9501   39830586  63811085974   79149073698
144  9523   40016136  64257324261   79702649839
145  9545   40201279  64703576182   80256212753
146  9567   40386042  65149849640   80809754510
147  9589   40570327  65596107791   81363312052
148  9610   40754069  66042333635   81916902445
149  9632   40937694  66488595870   82470456563
150  9653   41120540  66934846517   83024023049
151  9675   41303392  67381094367   83577592325
152  9696   41485531  67827349263   84131155269
153  9717   41667293  68273586745   84684736004
154  9738   41848719  68719816956   85238324346
155  9760   42029773  69166074183   85791886043
156  9780   42210418  69612300987   86345478574
157  9801   42390767  70058558081   86899041110
158  9822   42570771  70504819519   87452599647
159  9843   42750384  70951064128   88006175404
160  9863   42929330  71397306288   88559754278
161  9884   43108282  71843561847   89113319746
162  9904   43286544  72289797405   89666905906
163  9925   43464692  72736030280   90220494862
164  9945   43642392  73182273435   90774073987
165  9965   43819629  73628518621   91327651544
166  9985   43996523  74074765120   91881228131
167  10005  44173159  74521005217   92434811378
168  10025  44349460  74967255933   92988384341
169  10045  44525394  75413520041   93541944279
170  10065  44700983  75859765834   94095522877
171  10084  44875968  76305993027   94649120680
172  10104  45050977  76752244127   95202694551
173  10124  45225541  77198486281   95756277813
174  10143  45399709  77644738470   96309851437
175  10162  45573381  78090995004   96863421212
176  10182  45747149  78537240244   97417002184
177  10201  45920329  78983474719   97970594510
178  10220  46093101  79429692801   98524203637
179  10239  46265614  79875955359   99077768547
180  10258  46437811  80322186272   99631365418
181  10277  46609737  80768440349   100184939396
182  10296  46781414  81214684969   100738523080
183  10315  46952751  81660942089   101292094604
184  10334  47123806  82107193835   101845671784
185  10352  47294159  82553425621   102399269627
186  10371  47464729  82999704918   102952819741
187  10390  47634832  83445944944   103506409593
188  10408  47804524  83892217672   104059967155
189  10427  47974056  84338463543   104613551733
190  10445  48143210  84784728522   105167117582
191  10463  48311906  85230991381   105720686009
192  10481  48480382  85677197557   106274311339
193  10500  48648878  86123442412   106827897969
194  10518  48816882  86569684361   107381487998
195  10536  48984532  87015936827   107935067864
196  10554  49151956  87462183930   108488653319
197  10572  49319063  87908427722   109042242402
198  10590  49485824  88354673519   109595829826
199  10607  49652276  88800916330   110149420546
200  10625  49818671  89247177302   110702993161
201  10643  49984763  89693441976   111256562377
202  10660  50150251  90139661096   111810177752
203  10678  50315917  90585939355   112363733809
204  10695  50480878  91032165813   112917342373
205  10713  50645989  91478437326   113470905731
206  10730  50810467  91924639628   114024538934
207  10748  50975036  92370920889   114578093086
208  10765  51139140  92817174593   115131675261
209  10782  51302917  93263428864   115685257196
210  10799  51466432  93709674796   116238847732
211  10816  51629719  94155923809   116792435415
212  10834  51792849  94602204229   117345991847
213  10851  51955721  95048432704   117899600483
214  10867  52118138  95494705491   118453165263
215  10884  52280527  95940947233   119006761115
216  10901  52442609  96387187141   119560359108
217  10918  52604518  96833456495   120113927828
218  10935  52766123  97279688910   120667533791
219  10951  52927144  97725904562   121221157102
220  10968  53088426  98172173023   121774727342
221  10985  53249363  98618424759   122328314652
222  11001  53409761  99064660839   122881918158
223  11018  53570261  99510932299   123435486181
224  11034  53730235  99957183349   123989075141
225  11051  53890220  100403427932  124542670556
226  11067  54049819  100849668934  125096269939
227  11083  54209083  101295886272  125649893321
228  11099  54368099  101742141071  126203479490
229  11116  54527326  102188394165  126757067152
230  11132  54686035  102634673200  127310629392
231  11148  54844420  103080928252  127864215939
232  11164  55002647  103527172740  128417813208
233  11180  55160639  103973416639  128971411301
234  11196  55318432  104419662767  129525007364
235  11212  55476040  104865930941  130078581566
236  11228  55633428  105312184120  130632170983
237  11244  55790503  105758440283  131185757729
238  11259  55947128  106204679954  131739361418
239  11275  56103962  106650939755  132292944767
240  11291  56260521  107097185583  132846542364
241  11307  56416732  107543444874  133400126846
242  11322  56572683  107989694861  133953720893
243  11338  56728608  108435964415  134507295398
244  11353  56884039  108882203723  135060900644
245  11369  57039591  109328449548  135614499251
246  11384  57194563  109774690842  136168102970
247  11400  57349696  110220912431  136721726232
248  11415  57504433  110667175134  137275308777
249  11430  57658812  111113423215  137828906302
250  11446  57813350  111559651763  138382523200
251  11461  57967483  112005923630  138936097185
252  11476  58121332  112452179184  139489687767
253  11491  58274969  112898446940  140043266359
254  11506  58428436  113344675274  140596884543
255  11521  58581710  113790925725  141150480803
256  11536  58734811  114237154066  141704099346
257  11552  58887784  114683396043  142257704380
258  11566  59040459  115129658721  142811289013
259  11581  59193063  115575931425  143364863690
260  11596  59345441  116022192128  143918450594
261  11611  59497639  116468447401  144472043108
262  11626  59649693  116914694801  145025643639
263  11641  59801464  117360936612  145579250042
264  11655  59952770  117807183558  146132851776
265  11670  60104293  118253459765  146686424031
266  11685  60255534  118699710580  147240021960
267  11699  60406291  119145936844  147793644925
268  11714  60557278  119592210307  148347220460
269  11729  60707922  120038438347  148900841761
270  11743  60858260  120484688130  149454441626
271  11758  61008577  120930957073  150008022351
272  11772  61158586  121377200516  150561628885
273  11786  61308256  121823407682  151115272035
274  11801  61458177  122269702734  151668827047
275  11815  61607579  122715939844  152222440521
276  11829  61756735  123162188385  152776042810
277  11844  61906157  123608464241  153329617517
278  11858  62055053  124054713503  153883219345
279  11872  62203763  124500954438  154436829686
280  11886  62352296  124947191271  154990444306
281  11900  62500679  125393417325  155544069855
282  11915  62649139  125839684062  156097654643
283  11929  62797261  126285945835  156651244734
284  11943  62945194  126732211479  157204831143
285  11957  63092919  127178457172  157758437711
286  11971  63240444  127624694064  158312053280
287  11985  63387807  128070928656  158865671311
288  11999  63534752  128517178696  159419274312
289  12012  63681855  128963398671  159972907221
290  12026  63828824  129409658475  160526500434
291  12040  63975617  129855904698  161080107404
292  12054  64122227  130302176749  161633688729
293  12068  64268530  130748391160  162187328001
294  12081  64414669  131194632703  162740940306
295  12095  64560827  131640890467  163294536370
296  12109  64706738  132087146358  163848134554
297  12122  64852321  132533373352  164401761964
298  12136  64998022  132979636805  164955352796
299  12149  65143163  133425884607  165508959840
300  12163  65288634  133872172952  166062526010
301  12176  65433467  134318394363  166616159753
302  12190  65578609  134764655072  167169753888
303  12203  65723146  135210934768  167723329642
304  12217  65867964  135657202503  168276917075
305  12230  66012289  136103435168  168830540072
306  12243  66156351  136549687735  169384143430
307  12257  66300781  136995979061  169937707660
308  12270  66444636  137442236050  170491306803
309  12283  66588314  137888497732  171044901430
310  12297  66732167  138334739787  171598515508
311  12310  66875652  138780983864  172152127933
312  12323  67018974  139227271628  172705696834
313  12336  67162100  139673512998  173259312325
314  12349  67305090  140119780203  173812902117
315  12362  67447915  140566015747  174366523735
316  12375  67590572  141012236423  174920160389
317  12388  67733131  141458508382  175473745858
318  12401  67875591  141904723428  176027388339
319  12414  68017866  142350981705  176580987774
320  12427  68160003  142797266575  177134560754
321  12440  68302076  143243493432  177688191811
322  12453  68443940  143689779221  178241764145
323  12466  68585712  144136031973  178795369608
324  12479  68727296  144582303592  179348956392
325  12492  68868748  145028571281  179902547238
326  12505  69010004  145474797500  180456179750
327  12517  69150892  145921078742  181009757608
328  12530  69291978  146367324445  181563370806
329  12543  69432908  146813608317  182116945991
330  12556  69573592  147259822206  182670591405
331  12568  69713969  147706084975  183224188247
332  12581  69854497  148152363562  183777769119
333  12594  69994658  148598608030  184331384477
334  12606  70134789  149044852360  184885000004
335  12619  70274898  149491124298  185438587944
336  12631  70414575  149937366196  185992206357
337  12644  70554435  150383670088  186545762592
338  12656  70693787  150829902609  187099390707
339  12669  70833409  151276166147  187652987534
340  12681  70972571  151722392423  188206622084
341  12694  71111827  152168642410  188760232828
342  12706  71250817  152614899169  189313837067
343  12718  71389541  153061169924  189867427576
344  12731  71528496  153507424289  190421034243
345  12743  71667070  153953715024  190974604922
346  12755  71805425  154399938316  191528243263
347  12768  71943913  154846226604  192081816474
348  12780  72082145  155292468893  192635435941
349  12792  72220149  155738719042  193189047776
350  12804  72357957  156184965459  193742663539
351  12816  72495687  156631186922  194296304334
352  12829  72633676  157077503843  194849849411
353  12841  72771236  157523755420  195403460262
354  12853  72908638  157970027242  195957051026
355  12865  73045912  158416289318  196510651664
356  12877  73183062  158862572447  197064231373
357  12889  73320066  159308817590  197617849214
358  12901  73456949  159755069906  198171460003
359  12913  73593735  160201345816  198725047295
360  12925  73730392  160647551135  199278705307
361  12937  73866946  161093829958  199832289918
362  12949  74003378  161540126233  200385857199
363  12961  74139699  161986361359  200939485740
364  12973  74275873  162432630679  201493080234
365  12985  74411905  162878887954  202046686915
366  12997  74547708  163325132242  202600306812
367  13008  74683351  163771406238  203153897162
368  13020  74819126  164217682696  203707484917
369  13032  74954767  164663964152  204261067808
370  13044  75090214  165110213690  204814682811
371  13055  75225192  165556440513  205368320999
372  13067  75360529  166002747274  205921878889
373  13079  75495681  166449019780  206475471219
374  13091  75630576  166895243592  207029112500
375  13102  75765291  167341559116  207582662250
376  13114  75900112  167787836030  208136250503
377  13125  76034397  168234068243  208689883994
378  13137  76169050  168680358781  209243458791
379  13149  76303485  169126607871  209797075254
380  13160  76437561  169572815582  210350733456
381  13172  76571793  170019113809  210904300985
382  13183  76705613  170465365892  211457915071
383  13195  76839626  170911610694  212011536244
384  13206  76973211  171357879092  212565134250
385  13218  77106993  171804133439  213118746109
386  13229  77240406  172250386835  213672359289
387  13241  77373765  172696647244  214225965509
388  13252  77507184  173142915393  214779563930
389  13263  77640165  173589198491  215333147840
390  13275  77773438  174035448100  215886764946
391  13286  77906325  174481708296  216440371852
392  13297  78039026  174927994538  216993952898
393  13309  78171935  175374241867  217547572648
394  13320  78304493  175820502748  218101179198
395  13331  78436881  176266740181  218654809366
396  13342  78569128  176713004003  219208413286
397  13354  78701634  177159304016  219761980755
398  13365  78833799  177605511673  220315640922
399  13376  78965822  178051792078  220869228483
400  13387  79097671  178498064865  221422823836
401  13398  79229387  178944312743  221976444231
402  13409  79361031  179390565515  222530059804
403  13421  79492896  179836811013  223083682429
404  13432  79624448  180283069234  223637292645
405  13443  79755864  180729358265  224190872187
